2026-06-01 04:30:39,110 [INFO] Starting mesh node | MAC: c85b7667f1e1 | Host: y700
2026-06-01 04:30:40,120 [INFO] Bootstrap Auto IP: 192.168.10.35
2026-06-01 04:30:40,120 [INFO] Setting IP 192.168.10.35/24 on eth0
2026-06-01 04:30:40,124 [INFO] Control server listening on :5006
2026-06-01 04:30:40,125 [INFO] Mesh node running. Ctrl+C to stop.
2026-06-01 04:30:41,582 [INFO] API Server listening on :5007
2026-06-01 04:34:12,856 [INFO] Starting mesh node | MAC: c85b7667f1e1 | Host: y700
2026-06-01 04:34:13,084 [INFO] Bootstrap Auto IP: 192.168.10.35
2026-06-01 04:34:13,084 [INFO] Setting IP 192.168.10.35/24 on eth0
2026-06-01 04:34:13,088 [DEBUG] Broadcast HELLO beacon
2026-06-01 04:34:13,089 [INFO] Mesh node running. Ctrl+C to stop.
2026-06-01 04:34:13,089 [INFO] Control server listening on :5006
2026-06-01 04:34:14,545 [INFO] API Server listening on :5007
2026-06-01 04:34:18,090 [DEBUG] Broadcast HELLO beacon
2026-06-01 04:34:23,091 [DEBUG] Broadcast HELLO beacon
2026-06-01 04:34:28,093 [DEBUG] Broadcast HELLO beacon
2026-06-01 04:34:33,095 [DEBUG] Broadcast HELLO beacon
2026-06-01 04:34:38,096 [DEBUG] Broadcast HELLO beacon
2026-06-01 04:34:43,098 [DEBUG] Broadcast HELLO beacon
2026-06-01 04:34:48,100 [DEBUG] Broadcast HELLO beacon
2026-06-01 04:34:53,101 [DEBUG] Broadcast HELLO beacon
2026-06-01 04:34:58,102 [DEBUG] Broadcast HELLO beacon
2026-06-01 04:35:03,104 [DEBUG] Broadcast HELLO beacon
2026-06-01 04:35:08,104 [DEBUG] Broadcast HELLO beacon
2026-06-01 04:35:13,106 [DEBUG] Broadcast HELLO beacon
2026-06-01 04:35:18,107 [DEBUG] Broadcast HELLO beacon
2026-06-01 04:35:23,109 [DEBUG] Broadcast HELLO beacon
2026-06-01 04:35:28,110 [DEBUG] Broadcast HELLO beacon
2026-06-01 04:35:33,111 [DEBUG] Broadcast HELLO beacon
2026-06-01 04:35:34,159 [INFO] Starting mesh node | MAC: c85b7667f1e1 | Host: y700
2026-06-01 04:35:36,157 [INFO] Bootstrap Auto IP: 192.168.10.35
2026-06-01 04:35:36,157 [INFO] Setting IP 192.168.10.35/24 on eth0
2026-06-01 04:35:36,163 [DEBUG] Broadcast HELLO beacon
2026-06-01 04:35:36,164 [INFO] Control server listening on :5006
2026-06-01 04:35:36,166 [INFO] Mesh node running. Ctrl+C to stop.
2026-06-01 04:35:37,604 [INFO] API Server listening on :5007
2026-06-01 04:35:38,112 [DEBUG] Broadcast HELLO beacon
2026-06-01 04:35:41,164 [DEBUG] Broadcast HELLO beacon
2026-06-01 04:35:43,114 [DEBUG] Broadcast HELLO beacon
2026-06-01 04:35:46,165 [DEBUG] Broadcast HELLO beacon
2026-06-01 04:35:48,116 [DEBUG] Broadcast HELLO beacon
2026-06-01 04:35:51,166 [DEBUG] Broadcast HELLO beacon
2026-06-01 04:35:53,118 [DEBUG] Broadcast HELLO beacon
2026-06-01 04:35:56,168 [DEBUG] Broadcast HELLO beacon
2026-06-01 04:35:58,118 [DEBUG] Broadcast HELLO beacon
2026-06-01 04:36:01,169 [DEBUG] Broadcast HELLO beacon
2026-06-01 04:36:03,120 [DEBUG] Broadcast HELLO beacon
2026-06-01 04:36:06,170 [DEBUG] Broadcast HELLO beacon
2026-06-01 04:36:08,121 [DEBUG] Broadcast HELLO beacon
2026-06-01 04:36:11,177 [DEBUG] Broadcast HELLO beacon
2026-06-01 04:36:13,122 [DEBUG] Broadcast HELLO beacon
2026-06-01 04:36:18,123 [DEBUG] Broadcast HELLO beacon
2026-06-01 04:36:23,125 [DEBUG] Broadcast HELLO beacon
2026-06-01 04:36:28,126 [DEBUG] Broadcast HELLO beacon
2026-06-01 04:36:33,127 [DEBUG] Broadcast HELLO beacon
2026-06-01 04:36:38,128 [DEBUG] Broadcast HELLO beacon
2026-06-01 04:36:43,130 [DEBUG] Broadcast HELLO beacon
2026-06-01 04:36:48,132 [DEBUG] Broadcast HELLO beacon
2026-06-01 04:36:53,134 [DEBUG] Broadcast HELLO beacon
2026-06-01 04:36:58,135 [DEBUG] Broadcast HELLO beacon
2026-06-01 04:37:03,137 [DEBUG] Broadcast HELLO beacon
2026-06-01 04:37:08,139 [DEBUG] Broadcast HELLO beacon
2026-06-01 04:37:13,141 [DEBUG] Broadcast HELLO beacon
2026-06-01 04:37:18,143 [DEBUG] Broadcast HELLO beacon
2026-06-01 04:37:23,144 [DEBUG] Broadcast HELLO beacon
2026-06-01 04:37:28,145 [DEBUG] Broadcast HELLO beacon
2026-06-01 04:37:33,147 [DEBUG] Broadcast HELLO beacon
2026-06-01 04:37:38,148 [DEBUG] Broadcast HELLO beacon
2026-06-01 04:37:43,150 [DEBUG] Broadcast HELLO beacon
2026-06-01 04:37:48,152 [DEBUG] Broadcast HELLO beacon
2026-06-01 04:37:53,154 [DEBUG] Broadcast HELLO beacon
2026-06-01 04:37:58,155 [DEBUG] Broadcast HELLO beacon
2026-06-01 04:38:03,158 [DEBUG] Broadcast HELLO beacon
2026-06-01 04:38:08,160 [DEBUG] Broadcast HELLO beacon
2026-06-01 04:38:13,162 [DEBUG] Broadcast HELLO beacon
2026-06-01 04:38:18,163 [DEBUG] Broadcast HELLO beacon
2026-06-01 04:38:23,165 [DEBUG] Broadcast HELLO beacon
2026-06-01 04:38:28,166 [DEBUG] Broadcast HELLO beacon
2026-06-01 04:38:33,167 [DEBUG] Broadcast HELLO beacon
2026-06-01 04:38:38,168 [DEBUG] Broadcast HELLO beacon
2026-06-01 04:38:43,169 [DEBUG] Broadcast HELLO beacon
2026-06-01 04:38:48,170 [DEBUG] Broadcast HELLO beacon
2026-06-01 04:38:53,172 [DEBUG] Broadcast HELLO beacon
2026-06-01 04:38:58,173 [DEBUG] Broadcast HELLO beacon
2026-06-01 04:39:03,174 [DEBUG] Broadcast HELLO beacon
2026-06-01 04:39:08,175 [DEBUG] Broadcast HELLO beacon
2026-06-01 04:39:13,177 [DEBUG] Broadcast HELLO beacon
2026-06-01 04:39:18,178 [DEBUG] Broadcast HELLO beacon
2026-06-01 04:39:23,180 [DEBUG] Broadcast HELLO beacon
2026-06-01 04:39:28,181 [DEBUG] Broadcast HELLO beacon
2026-06-01 04:39:33,182 [DEBUG] Broadcast HELLO beacon
2026-06-01 04:39:38,183 [DEBUG] Broadcast HELLO beacon
2026-06-01 04:39:43,184 [DEBUG] Broadcast HELLO beacon
2026-06-01 04:39:48,185 [DEBUG] Broadcast HELLO beacon
2026-06-01 04:39:53,186 [DEBUG] Broadcast HELLO beacon
2026-06-01 04:39:58,187 [DEBUG] Broadcast HELLO beacon
2026-06-01 04:40:03,188 [DEBUG] Broadcast HELLO beacon
2026-06-01 04:40:08,189 [DEBUG] Broadcast HELLO beacon
2026-06-01 04:40:13,190 [DEBUG] Broadcast HELLO beacon
2026-06-01 04:40:18,192 [DEBUG] Broadcast HELLO beacon
2026-06-01 04:40:23,193 [DEBUG] Broadcast HELLO beacon
2026-06-01 04:40:28,194 [DEBUG] Broadcast HELLO beacon
2026-06-01 04:40:33,195 [DEBUG] Broadcast HELLO beacon
2026-06-01 04:40:38,196 [DEBUG] Broadcast HELLO beacon
2026-06-01 04:40:43,197 [DEBUG] Broadcast HELLO beacon
2026-06-01 04:40:48,198 [DEBUG] Broadcast HELLO beacon
2026-06-01 04:40:53,200 [DEBUG] Broadcast HELLO beacon
2026-06-01 04:40:58,202 [DEBUG] Broadcast HELLO beacon
2026-06-01 04:41:03,203 [DEBUG] Broadcast HELLO beacon
2026-06-01 04:41:08,205 [DEBUG] Broadcast HELLO beacon
2026-06-01 04:41:13,206 [DEBUG] Broadcast HELLO beacon
2026-06-01 04:41:18,208 [DEBUG] Broadcast HELLO beacon
2026-06-01 04:41:23,210 [DEBUG] Broadcast HELLO beacon
2026-06-01 04:41:28,211 [DEBUG] Broadcast HELLO beacon
2026-06-01 04:41:33,212 [DEBUG] Broadcast HELLO beacon
2026-06-01 04:41:38,213 [DEBUG] Broadcast HELLO beacon
2026-06-01 04:41:43,214 [DEBUG] Broadcast HELLO beacon
2026-06-01 04:41:48,223 [DEBUG] Broadcast HELLO beacon
2026-06-01 04:41:53,225 [DEBUG] Broadcast HELLO beacon
2026-06-01 04:41:58,227 [DEBUG] Broadcast HELLO beacon
2026-06-01 04:42:03,228 [DEBUG] Broadcast HELLO beacon
2026-06-01 04:42:08,229 [DEBUG] Broadcast HELLO beacon
2026-06-01 04:42:13,231 [DEBUG] Broadcast HELLO beacon
2026-06-01 04:42:18,232 [DEBUG] Broadcast HELLO beacon
2026-06-01 04:42:23,234 [DEBUG] Broadcast HELLO beacon
2026-06-01 04:42:28,236 [DEBUG] Broadcast HELLO beacon
2026-06-01 04:42:33,237 [DEBUG] Broadcast HELLO beacon
2026-06-01 04:42:38,239 [DEBUG] Broadcast HELLO beacon
2026-06-01 04:42:43,240 [DEBUG] Broadcast HELLO beacon
2026-06-01 04:42:48,241 [DEBUG] Broadcast HELLO beacon
2026-06-01 04:42:53,242 [DEBUG] Broadcast HELLO beacon
2026-06-01 04:42:58,243 [DEBUG] Broadcast HELLO beacon
2026-06-01 04:43:03,244 [DEBUG] Broadcast HELLO beacon
2026-06-01 04:43:08,245 [DEBUG] Broadcast HELLO beacon
2026-06-01 04:43:13,245 [DEBUG] Broadcast HELLO beacon
2026-06-01 04:43:18,247 [DEBUG] Broadcast HELLO beacon
2026-06-01 04:43:23,248 [DEBUG] Broadcast HELLO beacon
2026-06-01 04:43:28,249 [DEBUG] Broadcast HELLO beacon
2026-06-01 04:43:33,250 [DEBUG] Broadcast HELLO beacon
2026-06-01 04:43:38,251 [DEBUG] Broadcast HELLO beacon
2026-06-01 04:43:43,253 [DEBUG] Broadcast HELLO beacon
2026-06-01 04:43:48,254 [DEBUG] Broadcast HELLO beacon
2026-06-01 04:43:53,255 [DEBUG] Broadcast HELLO beacon
2026-06-01 04:43:58,256 [DEBUG] Broadcast HELLO beacon
2026-06-01 04:44:03,258 [DEBUG] Broadcast HELLO beacon
2026-06-01 04:44:08,259 [DEBUG] Broadcast HELLO beacon
2026-06-01 04:44:13,260 [DEBUG] Broadcast HELLO beacon
2026-06-01 04:44:18,260 [DEBUG] Broadcast HELLO beacon
2026-06-01 04:44:23,262 [DEBUG] Broadcast HELLO beacon
2026-06-01 04:44:28,262 [DEBUG] Broadcast HELLO beacon
2026-06-01 04:44:33,268 [DEBUG] Broadcast HELLO beacon
2026-06-01 04:44:38,269 [DEBUG] Broadcast HELLO beacon
2026-06-01 04:44:43,270 [DEBUG] Broadcast HELLO beacon
2026-06-01 04:44:48,271 [DEBUG] Broadcast HELLO beacon
2026-06-01 04:44:53,272 [DEBUG] Broadcast HELLO beacon
2026-06-01 04:44:58,273 [DEBUG] Broadcast HELLO beacon
2026-06-01 04:45:03,274 [DEBUG] Broadcast HELLO beacon
2026-06-01 04:45:08,274 [DEBUG] Broadcast HELLO beacon
2026-06-01 04:45:13,276 [DEBUG] Broadcast HELLO beacon
2026-06-01 04:45:18,277 [DEBUG] Broadcast HELLO beacon
2026-06-01 04:45:23,278 [DEBUG] Broadcast HELLO beacon
2026-06-01 04:45:24,448 [INFO] Starting mesh node | MAC: c85b7667f1e1 | Host: y700
2026-06-01 04:45:25,647 [INFO] Bootstrap Auto IP: 192.168.10.35
2026-06-01 04:45:25,648 [INFO] Setting IP 192.168.10.35/24 on eth0
2026-06-01 04:45:25,660 [INFO] Control server listening on :5006
2026-06-01 04:45:25,662 [DEBUG] Broadcast HELLO beacon (State: SEARCHING)
2026-06-01 04:45:25,662 [INFO] Mesh node running. Ctrl+C to stop.
2026-06-01 04:45:27,134 [INFO] API Server listening on :5007
2026-06-01 04:45:28,278 [DEBUG] Broadcast HELLO beacon
2026-06-01 04:45:30,665 [DEBUG] Broadcast HELLO beacon (State: SEARCHING)
2026-06-01 04:45:33,280 [DEBUG] Broadcast HELLO beacon
2026-06-01 04:45:35,667 [DEBUG] Broadcast HELLO beacon (State: SEARCHING)
2026-06-01 04:45:38,280 [DEBUG] Broadcast HELLO beacon
2026-06-01 04:45:40,668 [DEBUG] Broadcast HELLO beacon (State: SEARCHING)
2026-06-01 04:45:43,281 [DEBUG] Broadcast HELLO beacon
2026-06-01 04:45:45,670 [DEBUG] Broadcast HELLO beacon (State: SEARCHING)
2026-06-01 04:45:48,299 [DEBUG] Broadcast HELLO beacon
2026-06-01 04:45:50,672 [DEBUG] Broadcast HELLO beacon (State: SEARCHING)
2026-06-01 04:45:53,301 [DEBUG] Broadcast HELLO beacon
2026-06-01 04:45:55,673 [DEBUG] Broadcast HELLO beacon (State: SEARCHING)
2026-06-01 04:45:58,302 [DEBUG] Broadcast HELLO beacon
2026-06-01 04:46:00,675 [DEBUG] Broadcast HELLO beacon (State: SEARCHING)
2026-06-01 04:46:03,305 [DEBUG] Broadcast HELLO beacon
2026-06-01 04:46:05,676 [DEBUG] Broadcast HELLO beacon (State: SEARCHING)
2026-06-01 04:46:08,305 [DEBUG] Broadcast HELLO beacon
2026-06-01 04:46:10,678 [DEBUG] Broadcast HELLO beacon (State: SEARCHING)
2026-06-01 04:46:13,307 [DEBUG] Broadcast HELLO beacon
2026-06-01 04:46:15,679 [DEBUG] Broadcast HELLO beacon (State: SEARCHING)
2026-06-01 04:46:18,308 [DEBUG] Broadcast HELLO beacon
2026-06-01 04:46:20,682 [DEBUG] Broadcast HELLO beacon (State: SEARCHING)
2026-06-01 04:46:23,308 [DEBUG] Broadcast HELLO beacon
2026-06-01 04:46:25,683 [DEBUG] Broadcast HELLO beacon (State: SEARCHING)
2026-06-01 04:46:28,309 [DEBUG] Broadcast HELLO beacon
2026-06-01 04:46:30,685 [DEBUG] Broadcast HELLO beacon (State: SEARCHING)
2026-06-01 04:46:33,310 [DEBUG] Broadcast HELLO beacon
2026-06-01 04:46:35,687 [DEBUG] Broadcast HELLO beacon (State: SEARCHING)
2026-06-01 04:46:38,311 [DEBUG] Broadcast HELLO beacon
2026-06-01 04:46:40,689 [DEBUG] Broadcast HELLO beacon (State: SEARCHING)
2026-06-01 04:46:43,313 [DEBUG] Broadcast HELLO beacon
2026-06-01 04:46:45,690 [DEBUG] Broadcast HELLO beacon (State: SEARCHING)
2026-06-01 04:46:48,314 [DEBUG] Broadcast HELLO beacon
2026-06-01 04:46:50,692 [DEBUG] Broadcast HELLO beacon (State: SEARCHING)
2026-06-01 04:46:53,315 [DEBUG] Broadcast HELLO beacon
2026-06-01 04:46:55,693 [DEBUG] Broadcast HELLO beacon (State: SEARCHING)
2026-06-01 04:46:58,316 [DEBUG] Broadcast HELLO beacon
2026-06-01 04:47:00,694 [DEBUG] Broadcast HELLO beacon (State: SEARCHING)
2026-06-01 04:47:03,317 [DEBUG] Broadcast HELLO beacon
2026-06-01 04:47:08,320 [DEBUG] Broadcast HELLO beacon
2026-06-01 04:47:13,321 [DEBUG] Broadcast HELLO beacon
2026-06-01 04:47:18,322 [DEBUG] Broadcast HELLO beacon
2026-06-01 04:47:23,323 [DEBUG] Broadcast HELLO beacon
2026-06-01 04:47:28,324 [DEBUG] Broadcast HELLO beacon
2026-06-01 04:47:33,325 [DEBUG] Broadcast HELLO beacon
2026-06-01 04:47:38,326 [DEBUG] Broadcast HELLO beacon
2026-06-01 04:47:43,328 [DEBUG] Broadcast HELLO beacon
2026-06-01 04:47:48,328 [DEBUG] Broadcast HELLO beacon
2026-06-01 04:47:53,329 [DEBUG] Broadcast HELLO beacon
2026-06-01 04:47:58,331 [DEBUG] Broadcast HELLO beacon
2026-06-01 04:48:03,332 [DEBUG] Broadcast HELLO beacon
2026-06-01 04:48:08,332 [DEBUG] Broadcast HELLO beacon
2026-06-01 04:48:13,333 [DEBUG] Broadcast HELLO beacon
2026-06-01 04:48:18,334 [DEBUG] Broadcast HELLO beacon
2026-06-01 04:48:23,335 [DEBUG] Broadcast HELLO beacon
2026-06-01 04:48:28,336 [DEBUG] Broadcast HELLO beacon
2026-06-01 04:48:33,337 [DEBUG] Broadcast HELLO beacon
2026-06-01 04:48:38,339 [DEBUG] Broadcast HELLO beacon
2026-06-01 04:48:43,340 [DEBUG] Broadcast HELLO beacon
2026-06-01 04:48:48,341 [DEBUG] Broadcast HELLO beacon
2026-06-01 04:48:53,345 [DEBUG] Broadcast HELLO beacon
2026-06-01 04:48:58,346 [DEBUG] Broadcast HELLO beacon
2026-06-01 04:49:03,347 [DEBUG] Broadcast HELLO beacon
2026-06-01 04:49:08,348 [DEBUG] Broadcast HELLO beacon
2026-06-01 04:49:13,355 [DEBUG] Broadcast HELLO beacon
2026-06-01 04:49:18,356 [DEBUG] Broadcast HELLO beacon
2026-06-01 04:49:23,357 [DEBUG] Broadcast HELLO beacon
2026-06-01 04:49:28,358 [DEBUG] Broadcast HELLO beacon
2026-06-01 04:49:33,359 [DEBUG] Broadcast HELLO beacon
2026-06-01 04:49:38,360 [DEBUG] Broadcast HELLO beacon
2026-06-01 04:49:43,361 [DEBUG] Broadcast HELLO beacon
2026-06-01 04:49:48,362 [DEBUG] Broadcast HELLO beacon
2026-06-01 04:49:53,363 [DEBUG] Broadcast HELLO beacon
2026-06-01 04:49:58,364 [DEBUG] Broadcast HELLO beacon
2026-06-01 04:50:03,365 [DEBUG] Broadcast HELLO beacon
2026-06-01 04:50:08,366 [DEBUG] Broadcast HELLO beacon
2026-06-01 04:50:13,395 [DEBUG] Broadcast HELLO beacon
2026-06-01 04:50:18,396 [DEBUG] Broadcast HELLO beacon
2026-06-01 04:50:23,397 [DEBUG] Broadcast HELLO beacon
2026-06-01 04:50:28,398 [DEBUG] Broadcast HELLO beacon
2026-06-01 04:50:33,398 [DEBUG] Broadcast HELLO beacon
2026-06-01 04:50:38,400 [DEBUG] Broadcast HELLO beacon
2026-06-01 04:50:43,401 [DEBUG] Broadcast HELLO beacon
2026-06-01 04:50:48,402 [DEBUG] Broadcast HELLO beacon
2026-06-01 04:50:53,402 [DEBUG] Broadcast HELLO beacon
2026-06-01 04:50:58,403 [DEBUG] Broadcast HELLO beacon
2026-06-01 04:51:03,405 [DEBUG] Broadcast HELLO beacon
2026-06-01 04:51:08,405 [DEBUG] Broadcast HELLO beacon
2026-06-01 04:51:13,409 [DEBUG] Broadcast HELLO beacon
2026-06-01 04:51:18,410 [DEBUG] Broadcast HELLO beacon
2026-06-01 04:51:23,411 [DEBUG] Broadcast HELLO beacon
2026-06-01 04:51:28,413 [DEBUG] Broadcast HELLO beacon
2026-06-01 04:51:33,414 [DEBUG] Broadcast HELLO beacon
2026-06-01 04:51:38,416 [DEBUG] Broadcast HELLO beacon
2026-06-01 04:51:43,417 [DEBUG] Broadcast HELLO beacon
2026-06-01 04:51:48,419 [DEBUG] Broadcast HELLO beacon
2026-06-01 04:51:53,420 [DEBUG] Broadcast HELLO beacon
2026-06-01 04:51:58,420 [DEBUG] Broadcast HELLO beacon
2026-06-01 04:52:03,422 [DEBUG] Broadcast HELLO beacon
2026-06-01 04:52:08,423 [DEBUG] Broadcast HELLO beacon
2026-06-01 04:52:13,424 [DEBUG] Broadcast HELLO beacon
2026-06-01 04:52:18,425 [DEBUG] Broadcast HELLO beacon
2026-06-01 04:52:23,426 [DEBUG] Broadcast HELLO beacon
2026-06-01 04:52:28,427 [DEBUG] Broadcast HELLO beacon
2026-06-01 04:52:33,428 [DEBUG] Broadcast HELLO beacon
2026-06-01 04:52:38,429 [DEBUG] Broadcast HELLO beacon
2026-06-01 04:52:43,430 [DEBUG] Broadcast HELLO beacon
2026-06-01 04:52:48,431 [DEBUG] Broadcast HELLO beacon
2026-06-01 04:52:53,432 [DEBUG] Broadcast HELLO beacon
2026-06-01 04:52:58,434 [DEBUG] Broadcast HELLO beacon
2026-06-01 04:53:03,448 [DEBUG] Broadcast HELLO beacon
2026-06-01 04:53:08,449 [DEBUG] Broadcast HELLO beacon
2026-06-01 04:53:13,451 [DEBUG] Broadcast HELLO beacon
2026-06-01 04:53:18,452 [DEBUG] Broadcast HELLO beacon
2026-06-01 04:53:23,454 [DEBUG] Broadcast HELLO beacon
2026-06-01 04:53:28,455 [DEBUG] Broadcast HELLO beacon
2026-06-01 04:53:33,456 [DEBUG] Broadcast HELLO beacon
2026-06-01 04:53:38,457 [DEBUG] Broadcast HELLO beacon
2026-06-01 04:53:43,458 [DEBUG] Broadcast HELLO beacon
2026-06-01 04:53:48,459 [DEBUG] Broadcast HELLO beacon
2026-06-01 04:53:53,460 [DEBUG] Broadcast HELLO beacon
2026-06-01 04:53:58,460 [DEBUG] Broadcast HELLO beacon
2026-06-01 04:54:03,462 [DEBUG] Broadcast HELLO beacon
2026-06-01 04:54:08,463 [DEBUG] Broadcast HELLO beacon
2026-06-01 04:54:13,464 [DEBUG] Broadcast HELLO beacon
2026-06-01 04:54:18,466 [DEBUG] Broadcast HELLO beacon
2026-06-01 04:54:23,467 [DEBUG] Broadcast HELLO beacon
2026-06-01 04:54:28,468 [DEBUG] Broadcast HELLO beacon
2026-06-01 04:54:33,469 [DEBUG] Broadcast HELLO beacon
2026-06-01 04:54:38,469 [DEBUG] Broadcast HELLO beacon
2026-06-01 04:54:43,470 [DEBUG] Broadcast HELLO beacon
2026-06-01 04:54:48,471 [DEBUG] Broadcast HELLO beacon
2026-06-01 04:54:53,472 [DEBUG] Broadcast HELLO beacon
2026-06-01 04:54:58,473 [DEBUG] Broadcast HELLO beacon
2026-06-01 04:55:03,475 [DEBUG] Broadcast HELLO beacon
2026-06-01 04:55:08,476 [DEBUG] Broadcast HELLO beacon
2026-06-01 04:55:13,477 [DEBUG] Broadcast HELLO beacon
2026-06-01 04:55:18,478 [DEBUG] Broadcast HELLO beacon
2026-06-01 04:55:23,479 [DEBUG] Broadcast HELLO beacon
2026-06-01 04:55:28,480 [DEBUG] Broadcast HELLO beacon
2026-06-01 04:55:33,481 [DEBUG] Broadcast HELLO beacon
2026-06-01 04:55:38,482 [DEBUG] Broadcast HELLO beacon
2026-06-01 04:55:43,483 [DEBUG] Broadcast HELLO beacon
2026-06-01 04:55:48,484 [DEBUG] Broadcast HELLO beacon
2026-06-01 04:55:53,485 [DEBUG] Broadcast HELLO beacon
2026-06-01 04:55:58,486 [DEBUG] Broadcast HELLO beacon
2026-06-01 04:56:03,487 [DEBUG] Broadcast HELLO beacon
2026-06-01 04:56:08,488 [DEBUG] Broadcast HELLO beacon
2026-06-01 04:56:13,489 [DEBUG] Broadcast HELLO beacon
2026-06-01 04:56:18,490 [DEBUG] Broadcast HELLO beacon
2026-06-01 04:56:23,492 [DEBUG] Broadcast HELLO beacon
2026-06-01 04:56:28,493 [DEBUG] Broadcast HELLO beacon
2026-06-01 04:56:33,495 [DEBUG] Broadcast HELLO beacon
2026-06-01 04:56:38,496 [DEBUG] Broadcast HELLO beacon
2026-06-01 04:56:43,498 [DEBUG] Broadcast HELLO beacon
2026-06-01 04:56:48,499 [DEBUG] Broadcast HELLO beacon
2026-06-01 04:56:53,500 [DEBUG] Broadcast HELLO beacon
2026-06-01 04:56:58,501 [DEBUG] Broadcast HELLO beacon
2026-06-01 04:57:03,502 [DEBUG] Broadcast HELLO beacon
2026-06-01 04:57:08,503 [DEBUG] Broadcast HELLO beacon
2026-06-01 04:57:13,504 [DEBUG] Broadcast HELLO beacon
2026-06-01 04:57:18,506 [DEBUG] Broadcast HELLO beacon
2026-06-01 04:57:23,508 [DEBUG] Broadcast HELLO beacon
2026-06-01 04:57:28,509 [DEBUG] Broadcast HELLO beacon
2026-06-01 04:57:33,510 [DEBUG] Broadcast HELLO beacon
2026-06-01 04:57:38,512 [DEBUG] Broadcast HELLO beacon
2026-06-01 04:57:43,513 [DEBUG] Broadcast HELLO beacon
2026-06-01 04:57:48,515 [DEBUG] Broadcast HELLO beacon
2026-06-01 04:57:53,516 [DEBUG] Broadcast HELLO beacon
2026-06-01 04:57:58,517 [DEBUG] Broadcast HELLO beacon
2026-06-01 04:58:03,519 [DEBUG] Broadcast HELLO beacon
2026-06-01 04:58:08,520 [DEBUG] Broadcast HELLO beacon
2026-06-01 04:58:13,522 [DEBUG] Broadcast HELLO beacon
2026-06-01 04:58:18,523 [DEBUG] Broadcast HELLO beacon
2026-06-01 04:58:23,524 [DEBUG] Broadcast HELLO beacon
2026-06-01 04:58:28,526 [DEBUG] Broadcast HELLO beacon
2026-06-01 04:58:33,527 [DEBUG] Broadcast HELLO beacon
2026-06-01 04:58:38,530 [DEBUG] Broadcast HELLO beacon
2026-06-01 04:58:43,532 [DEBUG] Broadcast HELLO beacon
2026-06-01 04:58:48,533 [DEBUG] Broadcast HELLO beacon
2026-06-01 04:58:53,535 [DEBUG] Broadcast HELLO beacon
2026-06-01 04:58:58,537 [DEBUG] Broadcast HELLO beacon
2026-06-01 04:59:03,538 [DEBUG] Broadcast HELLO beacon
2026-06-01 04:59:08,540 [DEBUG] Broadcast HELLO beacon
2026-06-01 04:59:13,541 [DEBUG] Broadcast HELLO beacon
2026-06-01 04:59:18,543 [DEBUG] Broadcast HELLO beacon
2026-06-01 04:59:23,545 [DEBUG] Broadcast HELLO beacon
2026-06-01 04:59:28,546 [DEBUG] Broadcast HELLO beacon
2026-06-01 04:59:33,548 [DEBUG] Broadcast HELLO beacon
2026-06-01 04:59:38,550 [DEBUG] Broadcast HELLO beacon
2026-06-01 04:59:43,551 [DEBUG] Broadcast HELLO beacon
2026-06-01 04:59:48,553 [DEBUG] Broadcast HELLO beacon
2026-06-01 04:59:53,554 [DEBUG] Broadcast HELLO beacon
2026-06-01 04:59:58,555 [DEBUG] Broadcast HELLO beacon
2026-06-01 05:00:03,556 [DEBUG] Broadcast HELLO beacon
2026-06-01 05:00:08,557 [DEBUG] Broadcast HELLO beacon
2026-06-01 05:00:13,558 [DEBUG] Broadcast HELLO beacon
2026-06-01 05:00:18,559 [DEBUG] Broadcast HELLO beacon
2026-06-01 05:00:23,561 [DEBUG] Broadcast HELLO beacon
2026-06-01 05:00:28,562 [DEBUG] Broadcast HELLO beacon
2026-06-01 05:00:33,562 [DEBUG] Broadcast HELLO beacon
2026-06-01 05:00:38,563 [DEBUG] Broadcast HELLO beacon
2026-06-01 05:00:43,565 [DEBUG] Broadcast HELLO beacon
2026-06-01 05:00:48,567 [DEBUG] Broadcast HELLO beacon
2026-06-01 05:00:53,568 [DEBUG] Broadcast HELLO beacon
2026-06-01 05:00:58,569 [DEBUG] Broadcast HELLO beacon
2026-06-01 05:01:03,570 [DEBUG] Broadcast HELLO beacon
2026-06-01 05:01:08,572 [DEBUG] Broadcast HELLO beacon
2026-06-01 05:01:13,574 [DEBUG] Broadcast HELLO beacon
2026-06-01 05:01:18,576 [DEBUG] Broadcast HELLO beacon
2026-06-01 05:01:23,577 [DEBUG] Broadcast HELLO beacon
2026-06-01 05:01:28,578 [DEBUG] Broadcast HELLO beacon
2026-06-01 05:01:33,579 [DEBUG] Broadcast HELLO beacon
2026-06-01 05:01:38,580 [DEBUG] Broadcast HELLO beacon
2026-06-01 05:01:43,581 [DEBUG] Broadcast HELLO beacon
2026-06-01 05:01:48,583 [DEBUG] Broadcast HELLO beacon
2026-06-01 05:01:53,584 [DEBUG] Broadcast HELLO beacon
2026-06-01 05:01:58,585 [DEBUG] Broadcast HELLO beacon
2026-06-01 05:02:03,586 [DEBUG] Broadcast HELLO beacon
2026-06-01 05:02:08,588 [DEBUG] Broadcast HELLO beacon
2026-06-01 05:02:13,589 [DEBUG] Broadcast HELLO beacon
2026-06-01 05:02:18,590 [DEBUG] Broadcast HELLO beacon
2026-06-01 05:02:23,592 [DEBUG] Broadcast HELLO beacon
2026-06-01 05:02:28,593 [DEBUG] Broadcast HELLO beacon
2026-06-01 05:02:33,596 [DEBUG] Broadcast HELLO beacon
2026-06-01 05:02:38,597 [DEBUG] Broadcast HELLO beacon
2026-06-01 05:02:43,598 [DEBUG] Broadcast HELLO beacon
2026-06-01 05:02:48,598 [DEBUG] Broadcast HELLO beacon
2026-06-01 05:02:53,599 [DEBUG] Broadcast HELLO beacon
2026-06-01 05:02:58,600 [DEBUG] Broadcast HELLO beacon
2026-06-01 05:03:03,602 [DEBUG] Broadcast HELLO beacon
2026-06-01 05:03:08,603 [DEBUG] Broadcast HELLO beacon
2026-06-01 05:03:13,604 [DEBUG] Broadcast HELLO beacon
2026-06-01 05:03:18,606 [DEBUG] Broadcast HELLO beacon
2026-06-01 05:03:23,607 [DEBUG] Broadcast HELLO beacon
2026-06-01 05:03:28,608 [DEBUG] Broadcast HELLO beacon
2026-06-01 05:03:33,609 [DEBUG] Broadcast HELLO beacon
2026-06-01 05:03:38,610 [DEBUG] Broadcast HELLO beacon
2026-06-01 05:03:43,612 [DEBUG] Broadcast HELLO beacon
2026-06-01 05:03:48,613 [DEBUG] Broadcast HELLO beacon
2026-06-01 05:03:53,614 [DEBUG] Broadcast HELLO beacon
2026-06-01 05:03:58,615 [DEBUG] Broadcast HELLO beacon
2026-06-01 05:04:03,616 [DEBUG] Broadcast HELLO beacon
2026-06-01 05:04:08,617 [DEBUG] Broadcast HELLO beacon
2026-06-01 05:04:13,618 [DEBUG] Broadcast HELLO beacon
2026-06-01 05:04:18,619 [DEBUG] Broadcast HELLO beacon
2026-06-01 05:04:23,620 [DEBUG] Broadcast HELLO beacon
2026-06-01 05:04:28,621 [DEBUG] Broadcast HELLO beacon
2026-06-01 05:04:33,622 [DEBUG] Broadcast HELLO beacon
2026-06-01 05:04:38,623 [DEBUG] Broadcast HELLO beacon
2026-06-01 05:04:43,624 [DEBUG] Broadcast HELLO beacon
2026-06-01 05:04:48,624 [DEBUG] Broadcast HELLO beacon
2026-06-01 05:04:53,626 [DEBUG] Broadcast HELLO beacon
2026-06-01 05:04:58,628 [DEBUG] Broadcast HELLO beacon
2026-06-01 05:05:03,630 [DEBUG] Broadcast HELLO beacon
2026-06-01 05:05:08,631 [DEBUG] Broadcast HELLO beacon
2026-06-01 05:05:13,632 [DEBUG] Broadcast HELLO beacon
2026-06-01 05:05:18,633 [DEBUG] Broadcast HELLO beacon
2026-06-01 05:05:23,634 [DEBUG] Broadcast HELLO beacon
2026-06-01 05:05:28,635 [DEBUG] Broadcast HELLO beacon
2026-06-01 05:05:33,635 [DEBUG] Broadcast HELLO beacon
2026-06-01 05:05:38,636 [DEBUG] Broadcast HELLO beacon
2026-06-01 05:05:43,638 [DEBUG] Broadcast HELLO beacon
2026-06-01 05:05:48,638 [DEBUG] Broadcast HELLO beacon
2026-06-01 05:05:53,640 [DEBUG] Broadcast HELLO beacon
2026-06-01 05:05:58,641 [DEBUG] Broadcast HELLO beacon
2026-06-01 05:06:03,642 [DEBUG] Broadcast HELLO beacon
2026-06-01 05:06:08,644 [DEBUG] Broadcast HELLO beacon
2026-06-01 05:06:13,645 [DEBUG] Broadcast HELLO beacon
2026-06-01 05:06:18,646 [DEBUG] Broadcast HELLO beacon
2026-06-01 05:06:23,648 [DEBUG] Broadcast HELLO beacon
2026-06-01 05:06:28,650 [DEBUG] Broadcast HELLO beacon
2026-06-01 05:06:33,651 [DEBUG] Broadcast HELLO beacon
2026-06-01 05:06:38,653 [DEBUG] Broadcast HELLO beacon
2026-06-01 05:06:43,654 [DEBUG] Broadcast HELLO beacon
2026-06-01 05:06:48,656 [DEBUG] Broadcast HELLO beacon
2026-06-01 05:06:53,657 [DEBUG] Broadcast HELLO beacon
2026-06-01 05:06:58,659 [DEBUG] Broadcast HELLO beacon
2026-06-01 05:07:03,660 [DEBUG] Broadcast HELLO beacon
2026-06-01 05:07:08,662 [DEBUG] Broadcast HELLO beacon
2026-06-01 05:07:13,663 [DEBUG] Broadcast HELLO beacon
2026-06-01 05:07:18,665 [DEBUG] Broadcast HELLO beacon
2026-06-01 05:07:23,666 [DEBUG] Broadcast HELLO beacon
2026-06-01 05:07:28,668 [DEBUG] Broadcast HELLO beacon
2026-06-01 05:07:33,669 [DEBUG] Broadcast HELLO beacon
2026-06-01 05:07:38,671 [DEBUG] Broadcast HELLO beacon
2026-06-01 05:07:43,673 [DEBUG] Broadcast HELLO beacon
2026-06-01 05:07:48,675 [DEBUG] Broadcast HELLO beacon
2026-06-01 05:07:53,677 [DEBUG] Broadcast HELLO beacon
2026-06-01 05:07:58,678 [DEBUG] Broadcast HELLO beacon
2026-06-01 05:08:03,679 [DEBUG] Broadcast HELLO beacon
2026-06-01 05:08:08,680 [DEBUG] Broadcast HELLO beacon
2026-06-01 05:08:13,682 [DEBUG] Broadcast HELLO beacon
2026-06-01 05:08:18,683 [DEBUG] Broadcast HELLO beacon
2026-06-01 05:08:23,684 [DEBUG] Broadcast HELLO beacon
2026-06-01 05:08:28,685 [DEBUG] Broadcast HELLO beacon
2026-06-01 05:08:33,686 [DEBUG] Broadcast HELLO beacon
2026-06-01 05:08:38,687 [DEBUG] Broadcast HELLO beacon
2026-06-01 05:08:43,688 [DEBUG] Broadcast HELLO beacon
2026-06-01 05:08:48,689 [DEBUG] Broadcast HELLO beacon
2026-06-01 05:08:53,690 [DEBUG] Broadcast HELLO beacon
2026-06-01 05:08:58,692 [DEBUG] Broadcast HELLO beacon
2026-06-01 05:09:03,693 [DEBUG] Broadcast HELLO beacon
2026-06-01 05:09:08,694 [DEBUG] Broadcast HELLO beacon
2026-06-01 05:09:13,695 [DEBUG] Broadcast HELLO beacon
2026-06-01 05:09:18,696 [DEBUG] Broadcast HELLO beacon
2026-06-01 05:09:23,697 [DEBUG] Broadcast HELLO beacon
2026-06-01 05:09:28,699 [DEBUG] Broadcast HELLO beacon
2026-06-01 05:09:33,701 [DEBUG] Broadcast HELLO beacon
2026-06-01 05:09:38,704 [DEBUG] Broadcast HELLO beacon
2026-06-01 05:09:43,705 [DEBUG] Broadcast HELLO beacon
2026-06-01 05:09:48,706 [DEBUG] Broadcast HELLO beacon
2026-06-01 05:09:53,707 [DEBUG] Broadcast HELLO beacon
2026-06-01 05:09:58,709 [DEBUG] Broadcast HELLO beacon
2026-06-01 05:10:03,710 [DEBUG] Broadcast HELLO beacon
2026-06-01 05:10:08,711 [DEBUG] Broadcast HELLO beacon
2026-06-01 05:10:13,712 [DEBUG] Broadcast HELLO beacon
2026-06-01 05:10:18,713 [DEBUG] Broadcast HELLO beacon
2026-06-01 05:10:23,715 [DEBUG] Broadcast HELLO beacon
2026-06-01 05:10:28,716 [DEBUG] Broadcast HELLO beacon
2026-06-01 05:10:33,718 [DEBUG] Broadcast HELLO beacon
2026-06-01 05:10:38,719 [DEBUG] Broadcast HELLO beacon
2026-06-01 05:10:43,720 [DEBUG] Broadcast HELLO beacon
2026-06-01 05:10:48,721 [DEBUG] Broadcast HELLO beacon
2026-06-01 05:10:53,722 [DEBUG] Broadcast HELLO beacon
2026-06-01 05:10:58,723 [DEBUG] Broadcast HELLO beacon
2026-06-01 05:11:03,725 [DEBUG] Broadcast HELLO beacon
2026-06-01 05:11:08,726 [DEBUG] Broadcast HELLO beacon
2026-06-01 05:11:13,727 [DEBUG] Broadcast HELLO beacon
2026-06-01 05:11:18,728 [DEBUG] Broadcast HELLO beacon
2026-06-01 05:11:23,729 [DEBUG] Broadcast HELLO beacon
2026-06-01 05:11:28,730 [DEBUG] Broadcast HELLO beacon
2026-06-01 05:11:33,731 [DEBUG] Broadcast HELLO beacon
2026-06-01 05:11:38,732 [DEBUG] Broadcast HELLO beacon
2026-06-01 05:11:43,733 [DEBUG] Broadcast HELLO beacon
2026-06-01 05:11:48,734 [DEBUG] Broadcast HELLO beacon
2026-06-01 05:11:53,736 [DEBUG] Broadcast HELLO beacon
2026-06-01 05:11:58,737 [DEBUG] Broadcast HELLO beacon
2026-06-01 05:12:03,739 [DEBUG] Broadcast HELLO beacon
2026-06-01 05:12:08,740 [DEBUG] Broadcast HELLO beacon
2026-06-01 05:12:13,741 [DEBUG] Broadcast HELLO beacon
2026-06-01 05:12:18,742 [DEBUG] Broadcast HELLO beacon
2026-06-01 05:12:23,744 [DEBUG] Broadcast HELLO beacon
2026-06-01 05:12:28,745 [DEBUG] Broadcast HELLO beacon
2026-06-01 05:12:33,747 [DEBUG] Broadcast HELLO beacon
2026-06-01 05:12:38,749 [DEBUG] Broadcast HELLO beacon
2026-06-01 05:12:43,751 [DEBUG] Broadcast HELLO beacon
2026-06-01 05:12:48,752 [DEBUG] Broadcast HELLO beacon
2026-06-01 05:12:53,753 [DEBUG] Broadcast HELLO beacon
2026-06-01 05:12:58,754 [DEBUG] Broadcast HELLO beacon
2026-06-01 05:13:03,755 [DEBUG] Broadcast HELLO beacon
2026-06-01 05:13:08,756 [DEBUG] Broadcast HELLO beacon
2026-06-01 05:13:13,757 [DEBUG] Broadcast HELLO beacon
2026-06-01 05:13:18,759 [DEBUG] Broadcast HELLO beacon
2026-06-01 05:13:23,761 [DEBUG] Broadcast HELLO beacon
2026-06-01 05:13:28,762 [DEBUG] Broadcast HELLO beacon
2026-06-01 05:13:33,763 [DEBUG] Broadcast HELLO beacon
2026-06-01 05:13:38,764 [DEBUG] Broadcast HELLO beacon
2026-06-01 05:13:43,765 [DEBUG] Broadcast HELLO beacon
2026-06-01 05:13:48,766 [DEBUG] Broadcast HELLO beacon
2026-06-01 05:13:53,767 [DEBUG] Broadcast HELLO beacon
2026-06-01 05:13:58,769 [DEBUG] Broadcast HELLO beacon
2026-06-01 05:14:03,770 [DEBUG] Broadcast HELLO beacon
2026-06-01 05:14:08,772 [DEBUG] Broadcast HELLO beacon
2026-06-01 05:14:13,773 [DEBUG] Broadcast HELLO beacon
2026-06-01 05:14:18,774 [DEBUG] Broadcast HELLO beacon
2026-06-01 05:14:23,775 [DEBUG] Broadcast HELLO beacon
2026-06-01 05:14:28,776 [DEBUG] Broadcast HELLO beacon
2026-06-01 05:14:33,777 [DEBUG] Broadcast HELLO beacon
2026-06-01 05:14:38,778 [DEBUG] Broadcast HELLO beacon
2026-06-01 05:14:43,780 [DEBUG] Broadcast HELLO beacon
2026-06-01 05:14:48,781 [DEBUG] Broadcast HELLO beacon
2026-06-01 05:14:53,782 [DEBUG] Broadcast HELLO beacon
2026-06-01 05:14:58,784 [DEBUG] Broadcast HELLO beacon
2026-06-01 05:15:03,785 [DEBUG] Broadcast HELLO beacon
2026-06-01 05:15:08,786 [DEBUG] Broadcast HELLO beacon
2026-06-01 05:15:13,789 [DEBUG] Broadcast HELLO beacon
2026-06-01 05:15:18,790 [DEBUG] Broadcast HELLO beacon
2026-06-01 05:15:23,791 [DEBUG] Broadcast HELLO beacon
2026-06-01 05:15:28,792 [DEBUG] Broadcast HELLO beacon
2026-06-01 05:15:33,793 [DEBUG] Broadcast HELLO beacon
2026-06-01 05:15:38,794 [DEBUG] Broadcast HELLO beacon
2026-06-01 05:15:43,795 [DEBUG] Broadcast HELLO beacon
2026-06-01 05:15:48,797 [DEBUG] Broadcast HELLO beacon
2026-06-01 05:15:53,798 [DEBUG] Broadcast HELLO beacon
2026-06-01 05:15:58,799 [DEBUG] Broadcast HELLO beacon
2026-06-01 05:16:03,801 [DEBUG] Broadcast HELLO beacon
2026-06-01 05:16:08,803 [DEBUG] Broadcast HELLO beacon
2026-06-01 05:16:13,804 [DEBUG] Broadcast HELLO beacon
2026-06-01 05:16:18,806 [DEBUG] Broadcast HELLO beacon
2026-06-01 05:16:23,807 [DEBUG] Broadcast HELLO beacon
2026-06-01 05:16:28,808 [DEBUG] Broadcast HELLO beacon
2026-06-01 05:16:33,809 [DEBUG] Broadcast HELLO beacon
2026-06-01 05:16:38,810 [DEBUG] Broadcast HELLO beacon
2026-06-01 05:16:43,813 [DEBUG] Broadcast HELLO beacon
2026-06-01 05:16:48,814 [DEBUG] Broadcast HELLO beacon
2026-06-01 05:16:53,815 [DEBUG] Broadcast HELLO beacon
2026-06-01 05:16:58,817 [DEBUG] Broadcast HELLO beacon
2026-06-01 05:17:03,819 [DEBUG] Broadcast HELLO beacon
2026-06-01 05:17:08,820 [DEBUG] Broadcast HELLO beacon
2026-06-01 05:17:13,821 [DEBUG] Broadcast HELLO beacon
2026-06-01 05:17:18,822 [DEBUG] Broadcast HELLO beacon
2026-06-01 05:17:23,823 [DEBUG] Broadcast HELLO beacon
2026-06-01 05:17:28,824 [DEBUG] Broadcast HELLO beacon
2026-06-01 05:17:33,827 [DEBUG] Broadcast HELLO beacon
2026-06-01 05:17:38,829 [DEBUG] Broadcast HELLO beacon
2026-06-01 05:17:43,830 [DEBUG] Broadcast HELLO beacon
2026-06-01 05:17:48,831 [DEBUG] Broadcast HELLO beacon
2026-06-01 05:17:53,833 [DEBUG] Broadcast HELLO beacon
2026-06-01 05:17:58,834 [DEBUG] Broadcast HELLO beacon
2026-06-01 05:18:03,835 [DEBUG] Broadcast HELLO beacon
2026-06-01 05:18:08,837 [DEBUG] Broadcast HELLO beacon
2026-06-01 05:18:13,838 [DEBUG] Broadcast HELLO beacon
2026-06-01 05:18:18,839 [DEBUG] Broadcast HELLO beacon
2026-06-01 05:18:23,841 [DEBUG] Broadcast HELLO beacon
2026-06-01 05:18:28,842 [DEBUG] Broadcast HELLO beacon
2026-06-01 05:18:33,843 [DEBUG] Broadcast HELLO beacon
2026-06-01 05:18:38,844 [DEBUG] Broadcast HELLO beacon
2026-06-01 05:18:43,845 [DEBUG] Broadcast HELLO beacon
2026-06-01 05:18:48,847 [DEBUG] Broadcast HELLO beacon
2026-06-01 05:18:53,848 [DEBUG] Broadcast HELLO beacon
2026-06-01 05:18:58,849 [DEBUG] Broadcast HELLO beacon
2026-06-01 05:19:03,850 [DEBUG] Broadcast HELLO beacon
2026-06-01 05:19:08,852 [DEBUG] Broadcast HELLO beacon
2026-06-01 05:19:13,853 [DEBUG] Broadcast HELLO beacon
2026-06-01 05:19:18,854 [DEBUG] Broadcast HELLO beacon
2026-06-01 05:19:23,855 [DEBUG] Broadcast HELLO beacon
2026-06-01 05:19:28,856 [DEBUG] Broadcast HELLO beacon
2026-06-01 05:19:33,858 [DEBUG] Broadcast HELLO beacon
2026-06-01 05:19:38,859 [DEBUG] Broadcast HELLO beacon
2026-06-01 05:19:43,861 [DEBUG] Broadcast HELLO beacon
2026-06-01 05:19:48,863 [DEBUG] Broadcast HELLO beacon
2026-06-01 05:19:53,863 [DEBUG] Broadcast HELLO beacon
2026-06-01 05:19:58,865 [DEBUG] Broadcast HELLO beacon
2026-06-01 05:20:03,866 [DEBUG] Broadcast HELLO beacon
2026-06-01 05:20:08,867 [DEBUG] Broadcast HELLO beacon
2026-06-01 05:20:13,868 [DEBUG] Broadcast HELLO beacon
2026-06-01 05:20:18,869 [DEBUG] Broadcast HELLO beacon
2026-06-01 05:20:23,871 [DEBUG] Broadcast HELLO beacon
2026-06-01 05:20:28,872 [DEBUG] Broadcast HELLO beacon
2026-06-01 05:20:33,873 [DEBUG] Broadcast HELLO beacon
2026-06-01 05:20:38,874 [DEBUG] Broadcast HELLO beacon
2026-06-01 05:20:43,875 [DEBUG] Broadcast HELLO beacon
2026-06-01 05:20:48,876 [DEBUG] Broadcast HELLO beacon
2026-06-01 05:20:53,877 [DEBUG] Broadcast HELLO beacon
2026-06-01 05:20:58,878 [DEBUG] Broadcast HELLO beacon
2026-06-01 05:21:03,879 [DEBUG] Broadcast HELLO beacon
2026-06-01 05:21:08,880 [DEBUG] Broadcast HELLO beacon
2026-06-01 05:21:13,882 [DEBUG] Broadcast HELLO beacon
2026-06-01 05:21:18,883 [DEBUG] Broadcast HELLO beacon
2026-06-01 05:21:23,884 [DEBUG] Broadcast HELLO beacon
2026-06-01 05:21:28,886 [DEBUG] Broadcast HELLO beacon
2026-06-01 05:21:33,887 [DEBUG] Broadcast HELLO beacon
2026-06-01 05:21:38,889 [DEBUG] Broadcast HELLO beacon
2026-06-01 05:21:43,890 [DEBUG] Broadcast HELLO beacon
2026-06-01 05:21:48,891 [DEBUG] Broadcast HELLO beacon
2026-06-01 05:21:53,892 [DEBUG] Broadcast HELLO beacon
2026-06-01 05:21:58,893 [DEBUG] Broadcast HELLO beacon
2026-06-01 05:22:03,894 [DEBUG] Broadcast HELLO beacon
2026-06-01 05:22:08,896 [DEBUG] Broadcast HELLO beacon
2026-06-01 05:22:13,897 [DEBUG] Broadcast HELLO beacon
2026-06-01 05:22:18,897 [DEBUG] Broadcast HELLO beacon
2026-06-01 05:22:23,898 [DEBUG] Broadcast HELLO beacon
2026-06-01 05:22:28,899 [DEBUG] Broadcast HELLO beacon
2026-06-01 05:22:33,900 [DEBUG] Broadcast HELLO beacon
2026-06-01 05:22:38,901 [DEBUG] Broadcast HELLO beacon
2026-06-01 05:22:43,903 [DEBUG] Broadcast HELLO beacon
2026-06-01 05:22:48,905 [DEBUG] Broadcast HELLO beacon
2026-06-01 05:22:53,906 [DEBUG] Broadcast HELLO beacon
2026-06-01 05:22:58,907 [DEBUG] Broadcast HELLO beacon
2026-06-01 05:23:03,908 [DEBUG] Broadcast HELLO beacon
2026-06-01 05:23:08,909 [DEBUG] Broadcast HELLO beacon
2026-06-01 05:23:13,911 [DEBUG] Broadcast HELLO beacon
2026-06-01 05:23:18,913 [DEBUG] Broadcast HELLO beacon
2026-06-01 05:23:23,913 [DEBUG] Broadcast HELLO beacon
2026-06-01 05:23:28,915 [DEBUG] Broadcast HELLO beacon
2026-06-01 05:23:33,916 [DEBUG] Broadcast HELLO beacon
2026-06-01 05:23:38,918 [DEBUG] Broadcast HELLO beacon
2026-06-01 05:23:43,919 [DEBUG] Broadcast HELLO beacon
2026-06-01 05:23:48,920 [DEBUG] Broadcast HELLO beacon
2026-06-01 05:23:53,922 [DEBUG] Broadcast HELLO beacon
2026-06-01 05:23:58,922 [DEBUG] Broadcast HELLO beacon
2026-06-01 05:24:03,924 [DEBUG] Broadcast HELLO beacon
2026-06-01 05:24:08,925 [DEBUG] Broadcast HELLO beacon
2026-06-01 05:24:13,927 [DEBUG] Broadcast HELLO beacon
2026-06-01 05:24:18,928 [DEBUG] Broadcast HELLO beacon
2026-06-01 05:24:23,929 [DEBUG] Broadcast HELLO beacon
2026-06-01 05:24:28,930 [DEBUG] Broadcast HELLO beacon
2026-06-01 05:24:33,932 [DEBUG] Broadcast HELLO beacon
2026-06-01 05:24:38,933 [DEBUG] Broadcast HELLO beacon
2026-06-01 05:24:43,935 [DEBUG] Broadcast HELLO beacon
2026-06-01 05:24:48,936 [DEBUG] Broadcast HELLO beacon
2026-06-01 05:24:53,937 [DEBUG] Broadcast HELLO beacon
2026-06-01 05:24:58,938 [DEBUG] Broadcast HELLO beacon
2026-06-01 05:25:03,940 [DEBUG] Broadcast HELLO beacon
2026-06-01 05:25:08,942 [DEBUG] Broadcast HELLO beacon
2026-06-01 05:25:13,944 [DEBUG] Broadcast HELLO beacon
2026-06-01 05:25:18,945 [DEBUG] Broadcast HELLO beacon
2026-06-01 05:25:23,946 [DEBUG] Broadcast HELLO beacon
2026-06-01 05:25:28,949 [DEBUG] Broadcast HELLO beacon
2026-06-01 05:25:33,950 [DEBUG] Broadcast HELLO beacon
2026-06-01 05:25:38,952 [DEBUG] Broadcast HELLO beacon
2026-06-01 05:25:43,954 [DEBUG] Broadcast HELLO beacon
2026-06-01 05:25:48,956 [DEBUG] Broadcast HELLO beacon
2026-06-01 05:25:53,957 [DEBUG] Broadcast HELLO beacon
2026-06-01 05:25:58,959 [DEBUG] Broadcast HELLO beacon
2026-06-01 05:26:03,960 [DEBUG] Broadcast HELLO beacon
2026-06-01 05:26:08,961 [DEBUG] Broadcast HELLO beacon
2026-06-01 05:26:13,963 [DEBUG] Broadcast HELLO beacon
2026-06-01 05:26:18,964 [DEBUG] Broadcast HELLO beacon
2026-06-01 05:26:23,965 [DEBUG] Broadcast HELLO beacon
2026-06-01 05:26:28,966 [DEBUG] Broadcast HELLO beacon
2026-06-01 05:26:33,967 [DEBUG] Broadcast HELLO beacon
2026-06-01 05:26:38,969 [DEBUG] Broadcast HELLO beacon
2026-06-01 05:26:43,970 [DEBUG] Broadcast HELLO beacon
