2026-06-01 04:52:16,094 [INFO] Starting mesh node | MAC: c85b7667f1e1 | Host: y700
2026-06-01 04:52:16,960 [INFO] Bootstrap Auto IP: 192.168.10.35
2026-06-01 04:52:16,961 [INFO] Setting IP 192.168.10.35/24 on eth0
2026-06-01 04:52:16,971 [DEBUG] Broadcast HELLO beacon (State: SEARCHING)
2026-06-01 04:52:16,971 [INFO] Control server listening on :5006
2026-06-01 04:52:16,973 [INFO] Mesh node running. Ctrl+C to stop.
2026-06-01 04:52:16,974 [INFO] DNS Server listening on UDP :5353
2026-06-01 04:52:18,419 [INFO] API Server listening on :5007
2026-06-01 04:52:21,974 [DEBUG] Broadcast HELLO beacon (State: SEARCHING)
2026-06-01 04:52:26,976 [DEBUG] Broadcast HELLO beacon (State: SEARCHING)
2026-06-01 04:52:31,977 [DEBUG] Broadcast HELLO beacon (State: SEARCHING)
2026-06-01 04:52:36,979 [DEBUG] Broadcast HELLO beacon (State: SEARCHING)
2026-06-01 04:52:41,982 [DEBUG] Broadcast HELLO beacon (State: SEARCHING)
2026-06-01 04:52:46,984 [DEBUG] Broadcast HELLO beacon (State: SEARCHING)
2026-06-01 04:52:51,985 [DEBUG] Broadcast HELLO beacon (State: SEARCHING)
2026-06-01 04:52:56,986 [DEBUG] Broadcast HELLO beacon (State: SEARCHING)
2026-06-01 04:53:01,988 [DEBUG] Broadcast HELLO beacon (State: SEARCHING)
2026-06-01 04:53:06,990 [DEBUG] Broadcast HELLO beacon (State: SEARCHING)
2026-06-01 04:53:11,991 [DEBUG] Broadcast HELLO beacon (State: SEARCHING)
2026-06-01 04:53:16,992 [DEBUG] Broadcast HELLO beacon (State: SEARCHING)
2026-06-01 04:53:21,994 [DEBUG] Broadcast HELLO beacon (State: SEARCHING)
2026-06-01 04:53:26,996 [DEBUG] Broadcast HELLO beacon (State: SEARCHING)
2026-06-01 04:53:31,997 [DEBUG] Broadcast HELLO beacon (State: SEARCHING)
2026-06-01 04:53:36,999 [DEBUG] Broadcast HELLO beacon (State: SEARCHING)
2026-06-01 04:53:42,000 [DEBUG] Broadcast HELLO beacon (State: SEARCHING)
2026-06-01 04:53:47,001 [DEBUG] Broadcast HELLO beacon (State: SEARCHING)
2026-06-01 04:53:52,002 [DEBUG] Broadcast HELLO beacon (State: SEARCHING)
2026-06-01 04:53:57,004 [DEBUG] Broadcast HELLO beacon (State: SEARCHING)
2026-06-01 04:54:02,006 [DEBUG] Broadcast HELLO beacon (State: SEARCHING)
2026-06-01 04:54:07,007 [DEBUG] Broadcast HELLO beacon (State: SEARCHING)
2026-06-01 04:54:12,008 [DEBUG] Broadcast HELLO beacon (State: SEARCHING)
2026-06-01 04:54:17,009 [DEBUG] Broadcast HELLO beacon (State: SEARCHING)
2026-06-01 04:54:22,010 [DEBUG] Broadcast HELLO beacon (State: SEARCHING)
2026-06-01 04:54:27,012 [DEBUG] Broadcast HELLO beacon (State: SEARCHING)
2026-06-01 04:54:32,013 [DEBUG] Broadcast HELLO beacon (State: SEARCHING)
2026-06-01 04:54:37,015 [DEBUG] Broadcast HELLO beacon (State: SEARCHING)
2026-06-01 04:54:42,016 [DEBUG] Broadcast HELLO beacon (State: SEARCHING)
2026-06-01 04:54:47,019 [DEBUG] Broadcast HELLO beacon (State: SEARCHING)
2026-06-01 04:54:52,020 [DEBUG] Broadcast HELLO beacon (State: SEARCHING)
2026-06-01 04:54:57,022 [DEBUG] Broadcast HELLO beacon (State: SEARCHING)
2026-06-01 04:55:02,023 [DEBUG] Broadcast HELLO beacon (State: SEARCHING)
2026-06-01 04:55:07,025 [DEBUG] Broadcast HELLO beacon (State: SEARCHING)
2026-06-01 04:55:12,027 [DEBUG] Broadcast HELLO beacon (State: SEARCHING)
2026-06-01 04:55:17,028 [DEBUG] Broadcast HELLO beacon (State: SEARCHING)
2026-06-01 04:55:22,031 [DEBUG] Broadcast HELLO beacon (State: SEARCHING)
2026-06-01 04:55:27,033 [DEBUG] Broadcast HELLO beacon (State: SEARCHING)
2026-06-01 04:55:32,034 [DEBUG] Broadcast HELLO beacon (State: SEARCHING)
2026-06-01 04:55:37,035 [DEBUG] Broadcast HELLO beacon (State: SEARCHING)
2026-06-01 04:55:42,036 [DEBUG] Broadcast HELLO beacon (State: SEARCHING)
2026-06-01 04:55:47,037 [DEBUG] Broadcast HELLO beacon (State: SEARCHING)
2026-06-01 04:55:52,039 [DEBUG] Broadcast HELLO beacon (State: SEARCHING)
2026-06-01 04:55:57,041 [DEBUG] Broadcast HELLO beacon (State: SEARCHING)
2026-06-01 04:56:02,043 [DEBUG] Broadcast HELLO beacon (State: SEARCHING)
