2026-05-28T19:57:59.207Z [EVENT] FILE_UPLOAD | boot logo.png (4380 KB, image/png) by Neo
2026-05-29T00:37:39.254Z [EVENT] FILE_UPLOAD | boot logo.png (4380 KB, image/png) by Cyber Admin
2026-05-29T00:37:59.060Z [EVENT] FILE_UPLOAD | boot logo.png (4380 KB, image/png) by Cyber Admin
2026-05-31T15:45:14.625Z [EVENT] FILE_UPLOAD | videoplayback.mp4 (3545 KB, video/mp4) by Neo
2026-05-31T16:19:16.676Z [EVENT] FILE_UPLOAD | Kalyani song x Kalyani Priyadarshan.mp3 (3458 KB, audio/mpeg) by Neo
2026-05-31T16:19:48.332Z [EVENT] FILE_UPLOAD | skystarsH7.pdf (1551 KB, application/pdf) by Neo
2026-05-31T16:20:07.965Z [EVENT] FILE_UPLOAD | boot logo.png (4380 KB, image/png) by Neo
2026-05-31T16:20:22.630Z [EVENT] FILE_UPLOAD | camera_1780244422513.enc (295 KB, application/octet-stream) by Neo
2026-05-31T16:25:47.299Z [EVENT] FILE_UPLOAD | camera_1780244746391.enc (287 KB, application/octet-stream) by Neo
2026-05-31T16:28:57.472Z [EVENT] FILE_UPLOAD | camera_1780244935770.enc (284 KB, application/octet-stream) by Neo
2026-05-31T23:35:48.410Z [EVENT] FILE_UPLOAD | boot logo.png (4380 KB, image/png) by Neo
2026-06-01T19:51:40.188Z [EVENT] FILE_UPLOAD | boot logo.png (4380 KB, image/png) by Neo
2026-06-01T19:51:59.071Z [EVENT] FILE_UPLOAD | boot logo.png (4380 KB, image/png) by Neo
2026-06-01T19:59:12.073Z [EVENT] FILE_UPLOAD | boot logo.png (4380 KB, image/png) by Neo
2026-06-03T13:31:35.954Z [EVENT] FILE_UPLOAD | boot logo.png (4380 KB, image/png) by Neo
2026-06-03T19:23:00.347Z [EVENT] FILE_UPLOAD | videoplayback.mp4 (3545 KB, video/mp4) by Neo
2026-06-03T19:48:06.445Z [EVENT] FILE_UPLOAD | Kalyani song x Kalyani Priyadarshan.mp3 (3458 KB, audio/mpeg) by Neo
2026-06-03T19:48:21.343Z [EVENT] FILE_UPLOAD | videoplayback.mp4 (3545 KB, video/mp4) by Neo
2026-06-04T13:23:35.686Z [EVENT] FILE_UPLOAD | videoplayback.mp4 (3545 KB, video/mp4) by Cyber Admin
2026-06-04T19:28:05.404Z [EVENT] FILE_UPLOAD | skystarsH7.pdf (1551 KB, application/pdf) by Cyber Admin
2026-06-04T19:28:30.805Z [EVENT] FILE_UPLOAD | videoplayback.mp4 (3545 KB, video/mp4) by Cyber Admin
2026-06-04T19:28:48.160Z [EVENT] FILE_UPLOAD | Kalyani song x Kalyani Priyadarshan.mp3 (3458 KB, audio/mpeg) by Cyber Admin
2026-06-04T19:29:12.025Z [EVENT] FILE_UPLOAD | boot logo.png (4380 KB, image/png) by Cyber Admin
2026-06-05T12:38:02.177Z [EVENT] FILE_UPLOAD | Kalyani song x Kalyani Priyadarshan.mp3 (3458 KB, audio/mpeg) by Neo
2026-06-05T13:05:56.357Z [EVENT] FILE_UPLOAD | boot logo.png (4380 KB, image/png) by Neo
2026-06-05T13:06:38.174Z [EVENT] FILE_UPLOAD | skystarsH7.pdf (1551 KB, application/pdf) by Neo
2026-06-05T13:07:38.038Z [EVENT] FILE_UPLOAD | Kalyani song x Kalyani Priyadarshan.mp3 (3458 KB, audio/mpeg) by Neo
2026-06-05T13:07:53.746Z [EVENT] FILE_UPLOAD | camera_1780664872963.enc (280 KB, application/octet-stream) by Neo
2026-06-05T13:08:08.676Z [EVENT] FILE_UPLOAD | camera_1780664887820.enc (676 KB, application/octet-stream) by Neo
2026-06-05T14:47:53.998Z [EVENT] FILE_UPLOAD | Kalyani song x Kalyani Priyadarshan.mp3 (3458 KB, audio/mpeg) by Morpheus
2026-06-05T18:58:34.734Z [EVENT] FILE_UPLOAD | clockwork_Mainboard_V2.0_Schematic.pdf (1435 KB, application/pdf) by Morpheus
2026-06-05T18:59:55.658Z [EVENT] FILE_UPLOAD | clockwork_Mainboard_V2.0_Schematic.pdf (1435 KB, application/pdf) by Morpheus
2026-06-05T19:00:22.973Z [EVENT] FILE_UPLOAD | boot logo.png (4380 KB, image/png) by Morpheus
2026-06-05T19:00:44.063Z [EVENT] FILE_UPLOAD | videoplayback.mp4 (3545 KB, video/mp4) by Morpheus
2026-06-05T19:01:08.260Z [EVENT] FILE_UPLOAD | Kalyani song x Kalyani Priyadarshan.mp3 (3458 KB, audio/mpeg) by Morpheus
